The system is: Windows - 10.0.19043 - AMD64
Compiling the CXX compiler identification source file "CMakeCXXCompilerId.cpp" succeeded.
Compiler: C:/Program Files (x86)/Microsoft Visual Studio/2019/Community/VC/Tools/MSVC/14.26.28801/bin/HostX64/x64/cl.exe 
Build flags: 
Id flags:  

The output was:
0
Microsoft (R) C/C++ Optimizing Compiler versione 19.26.28806 per x64
Copyright (C) Microsoft Corporation. Tutti i diritti  sono riservati.

CMakeCXXCompilerId.cpp
Microsoft (R) Incremental Linker Version 14.26.28806.0
Copyright (C) Microsoft Corporation.  All rights reserved.

/out:CMakeCXXCompilerId.exe 
CMakeCXXCompilerId.obj 


Compilation of the CXX compiler identification source "CMakeCXXCompilerId.cpp" produced "CMakeCXXCompilerId.exe"

Compilation of the CXX compiler identification source "CMakeCXXCompilerId.cpp" produced "CMakeCXXCompilerId.obj"

The CXX compiler identification is MSVC, found in "G:/Il mio Drive/Codice_Icosaf/UcA/uca_franka/out/build/x64-Debug (impostazione predefinita)/CMakeFiles/3.17.20032601-MSVC_2/CompilerIdCXX/CMakeCXXCompilerId.exe"

Determining if the CXX compiler works passed with the following output:
Change Dir: G:/Il mio Drive/Codice_Icosaf/UcA/uca_franka/out/build/x64-Debug (impostazione predefinita)/CMakeFiles/CMakeTmp

Run Build Command(s):C:/Program Files (x86)/Microsoft Visual Studio/2019/Community/Common7/IDE/CommonExtensions/Microsoft/CMake/Ninja/ninja.exe cmTC_5200a && [1/2] Building CXX object CMakeFiles\cmTC_5200a.dir\testCXXCompiler.cxx.obj
[2/2] Linking CXX executable cmTC_5200a.exe
testCXXCompiler.cxx.obj : warning LNK4099: impossibile trovare il PDB 'vc140.pdb' con 'testCXXCompiler.cxx.obj' o in 'G:\Il mio Drive\Codice_Icosaf\UcA\uca_franka\out\build\x64-Debug (impostazione predefinita)\CMakeFiles\CMakeTmp\vc140.pdb'; oggetto collegato senza informazioni di debug
testCXXCompiler.cxx.obj : warning LNK4099: impossibile trovare il PDB 'vc140.pdb' con 'testCXXCompiler.cxx.obj' o in 'G:\Il mio Drive\Codice_Icosaf\UcA\uca_franka\out\build\x64-Debug (impostazione predefinita)\CMakeFiles\CMakeTmp\vc140.pdb'; oggetto collegato senza informazioni di debug



Detecting CXX compiler ABI info compiled with the following output:
Change Dir: G:/Il mio Drive/Codice_Icosaf/UcA/uca_franka/out/build/x64-Debug (impostazione predefinita)/CMakeFiles/CMakeTmp

Run Build Command(s):C:/Program Files (x86)/Microsoft Visual Studio/2019/Community/Common7/IDE/CommonExtensions/Microsoft/CMake/Ninja/ninja.exe cmTC_5c6b1 && [1/2] Building CXX object CMakeFiles\cmTC_5c6b1.dir\CMakeCXXCompilerABI.cpp.obj
Nota: file incluso  C:\Program Files (x86)\Microsoft Visual Studio\2019\Community\Common7\IDE\CommonExtensions\Microsoft\CMake\CMake\share\cmake-3.17\Modules\CMakeCompilerABI.h
[2/2] Linking CXX executable cmTC_5c6b1.exe
CMakeCXXCompilerABI.cpp.obj : warning LNK4099: impossibile trovare il PDB 'vc140.pdb' con 'CMakeCXXCompilerABI.cpp.obj' o in 'G:\Il mio Drive\Codice_Icosaf\UcA\uca_franka\out\build\x64-Debug (impostazione predefinita)\CMakeFiles\CMakeTmp\vc140.pdb'; oggetto collegato senza informazioni di debug
CMakeCXXCompilerABI.cpp.obj : warning LNK4099: impossibile trovare il PDB 'vc140.pdb' con 'CMakeCXXCompilerABI.cpp.obj' o in 'G:\Il mio Drive\Codice_Icosaf\UcA\uca_franka\out\build\x64-Debug (impostazione predefinita)\CMakeFiles\CMakeTmp\vc140.pdb'; oggetto collegato senza informazioni di debug



